<?xml version="1.0" encoding="UTF-8"?>
<testsuite name="com.example.demo.DemoApplicationTests" tests="1" skipped="0" failures="0" errors="0" timestamp="2023-10-01T10:14:25" hostname="HWIRYUNGs-MacBook-Pro.local" time="0.327">
  <properties/>
  <testcase name="contextLoads()" classname="com.example.demo.DemoApplicationTests" time="0.327"/>
  <system-out><![CDATA[19:14:24.688 [Test worker] INFO org.springframework.test.context.support.AnnotationConfigContextLoaderUtils -- Could not detect default configuration classes for test class [com.example.demo.DemoApplicationTests]: DemoApplicationTests does not declare any static, non-private, non-final, nested classes annotated with @Configuration.
19:14:24.718 [Test worker] INFO org.springframework.boot.test.context.SpringBootTestContextBootstrapper -- Found @SpringBootConfiguration com.example.demo.DemoApplication for test class com.example.demo.DemoApplicationTests

  .   ____          _            __ _ _
 /\\ / ___'_ __ _ _(_)_ __  __ _ \ \ \ \
( ( )\___ | '_ | '_| | '_ \/ _` | \ \ \ \
 \\/  ___)| |_)| | | | | || (_| |  ) ) ) )
  '  |____| .__|_| |_|_| |_\__, | / / / /
 =========|_|==============|___/=/_/_/_/
 :: Spring Boot ::                (v3.1.4)

2023-10-01T19:14:24.828+09:00  INFO 62644 --- [    Test worker] com.example.demo.DemoApplicationTests    : Starting DemoApplicationTests using Java 18.0.1.1 with PID 62644 (started by hwiryungkim in /Users/hwiryungkim/sources/personal/demo)
2023-10-01T19:14:24.829+09:00  INFO 62644 --- [    Test worker] com.example.demo.DemoApplicationTests    : No active profile set, falling back to 1 default profile: "default"
2023-10-01T19:14:25.170+09:00  INFO 62644 --- [    Test worker] com.example.demo.DemoApplicationTests    : Started DemoApplicationTests in 0.41 seconds (process running for 0.758)
]]></system-out>
  <system-err><![CDATA[]]></system-err>
</testsuite>
